This is pdfTeX, Version 3.141592653-2.6-1.40.25 (MiKTeX 24.1) (preloaded format=pdflatex 2024.5.4)  13 MAY 2024 15:41
entering extended mode
 restricted \write18 enabled.
 file:line:error style messages enabled.
 %&-line parsing enabled.
**c:/Users/Harith/Documents/GitHub/Is-poisonous/doc/doc/sections/discussion.tex
(c:/Users/Harith/Documents/GitHub/Is-poisonous/doc/doc/sections/discussion.tex
LaTeX2e <2023-11-01> patch level 1
L3 programming layer <2024-01-04>
(C:\Users\Harith\AppData\Local\Programs\MiKTeX\tex/latex/l3backend\l3backend-pdftex.def
File: l3backend-pdftex.def 2024-01-04 L3 backend support: PDF output (pdfTeX)
\l__color_backend_stack_int=\count187
\l__pdf_internal_box=\box51
) (c:\Users\Harith\Documents\GitHub\Is-poisonous\doc\doc\sections\build\discussion.aux)
\openout1 = `discussion.aux'.

LaTeX Font Info:    Checking defaults for OML/cmm/m/it on input line 1.
LaTeX Font Info:    ... okay on input line 1.
LaTeX Font Info:    Checking defaults for OMS/cmsy/m/n on input line 1.
LaTeX Font Info:    ... okay on input line 1.
LaTeX Font Info:    Checking defaults for OT1/cmr/m/n on input line 1.
LaTeX Font Info:    ... okay on input line 1.
LaTeX Font Info:    Checking defaults for T1/cmr/m/n on input line 1.
LaTeX Font Info:    ... okay on input line 1.
LaTeX Font Info:    Checking defaults for TS1/cmr/m/n on input line 1.
LaTeX Font Info:    ... okay on input line 1.
LaTeX Font Info:    Checking defaults for OMX/cmex/m/n on input line 1.
LaTeX Font Info:    ... okay on input line 1.
LaTeX Font Info:    Checking defaults for U/cmr/m/n on input line 1.
LaTeX Font Info:    ... okay on input line 1.


c:/Users/Harith/Documents/GitHub/Is-poisonous/doc/doc/sections/discussion.tex:1: LaTeX Error: The font size command \normalsize is not defined:
               there is probably something wrong with the class file.

See the LaTeX manual or LaTeX Companion for explanation.
Type  H <return>  for immediate help.
 ...                                              
                                                  
l.1 \begin{document}
                    
Your command was ignored.
Type  I <command> <return>  to replace it with another command,
or  <return>  to continue without it.

c:/Users/Harith/Documents/GitHub/Is-poisonous/doc/doc/sections/discussion.tex:6: Missing $ inserted.
<inserted text> 
                $
l.6 ...ding 'poisonous', 'edible', 'conditionally_
                                                  edible', and 'deadly', whi...
I've inserted a begin-math/end-math symbol since I think
you left one out. Proceed, with fingers crossed.

LaTeX Font Info:    External font `cmex10' loaded for size
(Font)              <7> on input line 6.
LaTeX Font Info:    External font `cmex10' loaded for size
(Font)              <5> on input line 6.
c:/Users/Harith/Documents/GitHub/Is-poisonous/doc/doc/sections/discussion.tex:7: Missing $ inserted.
<inserted text> 
                $
l.7 
    
I've inserted a begin-math/end-math symbol since I think
you left one out. Proceed, with fingers crossed.


c:/Users/Harith/Documents/GitHub/Is-poisonous/doc/doc/sections/discussion.tex:21: LaTeX Error: The font size command \normalsize is not defined:
               there is probably something wrong with the class file.

See the LaTeX manual or LaTeX Companion for explanation.
Type  H <return>  for immediate help.
 ...                                              
                                                  
l.21 \end{document}
                   
Your command was ignored.
Type  I <command> <return>  to replace it with another command,
or  <return>  to continue without it.

[1{C:/Users/Harith/AppData/Local/MiKTeX/fonts/map/pdftex/pdftex.map}] (c:\Users\Harith\Documents\GitHub\Is-poisonous\doc\doc\sections\build\discussion.aux)
 ***********
LaTeX2e <2023-11-01> patch level 1
L3 programming layer <2024-01-04>
 ***********
 ) 
Here is how much of TeX's memory you used:
 225 strings out of 474485
 6636 string characters out of 5743263
 1932542 words of memory out of 5000000
 22600 multiletter control sequences out of 15000+600000
 558069 words of font info for 36 fonts, out of 8000000 for 9000
 1141 hyphenation exceptions out of 8191
 35i,5n,50p,938b,78s stack positions out of 10000i,1000n,20000p,200000b,200000s
<C:/Users/Harith/AppData/Local/Programs/MiKTeX/fonts/type1/public/amsfonts/cm/cmmi10.pfb><C:/Users/Harith/AppData/Local/Programs/MiKTeX/fonts/type1/public/amsfonts/cm/cmmi7.pfb><C:/Users/Harith/AppData/Local/Programs/MiKTeX/fonts/type1/public/amsfonts/cm/cmr10.pfb><C:/Users/Harith/AppData/Local/Programs/MiKTeX/fonts/type1/public/amsfonts/cm/cmsy7.pfb>
Output written on c:\Users\Harith\Documents\GitHub\Is-poisonous\doc\doc\sections\build\discussion.pdf (1 page, 56938 bytes).
PDF statistics:
 26 PDF objects out of 1000 (max. 8388607)
 0 named destinations out of 1000 (max. 500000)
 1 words of extra memory for PDF output out of 10000 (max. 10000000)

